<?xml version="1.0" encoding="UTF-8"?>
<!-- Generated by org.testng.reporters.JUnitReportReporter -->
<testsuite hostname="TXHYD_LAP_157" failures="0" tests="1" name="NewTestNG" time="4.311" errors="0" timestamp="2023-07-26T15:03:45 IST" skipped="0">
  <testcase classname="NewTestNG" name="f" time="4.311"/>
</testsuite> <!-- NewTestNG -->
